{
  "stats": {
    "suites": 70,
    "tests": 196,
    "passes": 52,
    "pending": 0,
    "failures": 144,
    "start": "2025-11-13T03:47:14.779Z",
    "end": "2025-11-13T03:47:19.414Z",
    "duration": 4635,
    "testsRegistered": 196,
    "passPercent": 26.53061224489796,
    "pendingPercent": 0,
    "other": 0,
    "hasOther": false,
    "skipped": 0,
    "hasSkipped": false
  },
  "results": [
    {
      "uuid": "10dfaac4-24a8-4c26-ac9c-58df46d80fe5",
      "title": "",
      "fullFile": "",
      "file": "",
      "beforeHooks": [],
      "afterHooks": [],
      "tests": [],
      "suites": [
        {
          "uuid": "8f62febb-1631-4cef-90ab-a41fe22b1715",
          "title": "User Endpoints",
          "fullFile": "C:\\Users\\PC\\Documents\\BLOW_JOB\\csi400\\c2c_project\\ver12\\backend\\test\\api\\01-user.test.js",
          "file": "\\test\\api\\01-user.test.js",
          "beforeHooks": [],
          "afterHooks": [],
          "tests": [],
          "suites": [
            {
              "uuid": "111bae47-4386-4989-93ea-c3beef4bb1df",
              "title": "1. GET /users - Health Check",
              "fullFile": "C:\\Users\\PC\\Documents\\BLOW_JOB\\csi400\\c2c_project\\ver12\\backend\\test\\api\\01-user.test.js",
              "file": "\\test\\api\\01-user.test.js",
              "beforeHooks": [],
              "afterHooks": [],
              "tests": [
                {
                  "title": "should return operational status",
                  "fullTitle": "User Endpoints 1. GET /users - Health Check should return operational status",
                  "timedOut": false,
                  "duration": 28,
                  "state": "passed",
                  "speed": "fast",
                  "pass": true,
                  "fail": false,
                  "pending": false,
                  "context": null,
                  "code": "const res = await chai\n  .request(baseURL)\n  .get(`${apiPrefix}/users`);\nvalidateSuccessResponse(res, 200);\nexpect(res.body.message).to.equal('User router is operational');",
                  "err": {},
                  "uuid": "3355e60d-4075-464f-9437-c68144900f3e",
                  "parentUUID": "111bae47-4386-4989-93ea-c3beef4bb1df",
                  "isHook": false,
                  "skipped": false
                }
              ],
              "suites": [],
              "passes": [
                "3355e60d-4075-464f-9437-c68144900f3e"
              ],
              "failures": [],
              "pending": [],
              "skipped": [],
              "duration": 28,
              "root": false,
              "rootEmpty": false,
              "_timeout": 30000
            },
            {
              "uuid": "9ea6c88e-fe42-4590-b72f-5c7a9ad1ebbb",
              "title": "2. POST /users/signup - User Signup",
              "fullFile": "C:\\Users\\PC\\Documents\\BLOW_JOB\\csi400\\c2c_project\\ver12\\backend\\test\\api\\01-user.test.js",
              "file": "\\test\\api\\01-user.test.js",
              "beforeHooks": [],
              "afterHooks": [],
              "tests": [
                {
                  "title": "should register a new buyer account successfully",
                  "fullTitle": "User Endpoints 2. POST /users/signup - User Signup should register a new buyer account successfully",
                  "timedOut": false,
                  "duration": 432,
                  "state": "passed",
                  "speed": "slow",
                  "pass": true,
                  "fail": false,
                  "pending": false,
                  "context": null,
                  "code": "const userData = {\n  email: `testbuyer_${Date.now()}@example.com`,\n  password: 'testpassword123',\n  username: `testbuyer_${Date.now()}`,\n  first_name: 'Test',\n  last_name: 'Buyer',\n  role: 'buyer'\n};\nconst res = await chai\n  .request(baseURL)\n  .post(`${apiPrefix}/users/signup`)\n  .send(userData);\nvalidateSuccessResponse(res, 201);\nexpect(res.body).to.have.property('id');\nexpect(res.body.id).to.be.a('number');",
                  "err": {},
                  "uuid": "be5481b8-8ad3-4001-8430-fdcee9a26a82",
                  "parentUUID": "9ea6c88e-fe42-4590-b72f-5c7a9ad1ebbb",
                  "isHook": false,
                  "skipped": false
                },
                {
                  "title": "should register a new seller account successfully",
                  "fullTitle": "User Endpoints 2. POST /users/signup - User Signup should register a new seller account successfully",
                  "timedOut": false,
                  "duration": 110,
                  "state": "passed",
                  "speed": "slow",
                  "pass": true,
                  "fail": false,
                  "pending": false,
                  "context": null,
                  "code": "const userData = {\n  email: `testseller_${Date.now()}@example.com`,\n  password: 'testpassword123',\n  username: `testseller_${Date.now()}`,\n  first_name: 'Test',\n  last_name: 'Seller',\n  role: 'seller'\n};\nconst res = await chai\n  .request(baseURL)\n  .post(`${apiPrefix}/users/signup`)\n  .send(userData);\nvalidateSuccessResponse(res, 201);\nexpect(res.body).to.have.property('id');",
                  "err": {},
                  "uuid": "a5073953-df36-46c8-8aea-a834c2a67a3c",
                  "parentUUID": "9ea6c88e-fe42-4590-b72f-5c7a9ad1ebbb",
                  "isHook": false,
                  "skipped": false
                },
                {
                  "title": "should reject registration with admin role",
                  "fullTitle": "User Endpoints 2. POST /users/signup - User Signup should reject registration with admin role",
                  "timedOut": false,
                  "duration": 4,
                  "state": "failed",
                  "speed": null,
                  "pass": false,
                  "fail": true,
                  "pending": false,
                  "context": null,
                  "code": "const userData = {\n  email: `testadmin_${Date.now()}@example.com`,\n  password: 'testpassword123',\n  username: `testadmin_${Date.now()}`,\n  first_name: 'Test',\n  last_name: 'Admin',\n  role: 'admin'\n};\nconst res = await chai\n  .request(baseURL)\n  .post(`${apiPrefix}/users/signup`)\n  .send(userData);\nvalidateErrorResponse(res, 400);",
                  "err": {
                    "message": "AssertionError: expected Response{ _events: {}, …(35), …(2) } to have status code 400 but got 403",
                    "estack": "AssertionError: expected Response{ _events: {}, …(35), …(2) } to have status code 400 but got 403\n    at validateErrorResponse (file:///C:/Users/PC/Documents/BLOW_JOB/csi400/c2c_project/ver12/backend/test/helpers.js:95:23)\n    at Context.<anonymous> (file:///C:/Users/PC/Documents/BLOW_JOB/csi400/c2c_project/ver12/backend/test/api/01-user.test.js:75:7)\n    at process.processTicksAndRejections (node:internal/process/task_queues:105:5)",
                    "diff": "- 403\n+ 400\n"
                  },
                  "uuid": "91852321-74ef-4576-a821-5bc566da44b4",
                  "parentUUID": "9ea6c88e-fe42-4590-b72f-5c7a9ad1ebbb",
                  "isHook": false,
                  "skipped": false
                },
                {
                  "title": "should reject registration with missing fields",
                  "fullTitle": "User Endpoints 2. POST /users/signup - User Signup should reject registration with missing fields",
                  "timedOut": false,
                  "duration": 3,
                  "state": "passed",
                  "speed": "fast",
                  "pass": true,
                  "fail": false,
                  "pending": false,
                  "context": null,
                  "code": "const userData = {\n  email: `incomplete_${Date.now()}@example.com`,\n  password: 'testpassword123'\n};\nconst res = await chai\n  .request(baseURL)\n  .post(`${apiPrefix}/users/signup`)\n  .send(userData);\nvalidateErrorResponse(res, 400);",
                  "err": {},
                  "uuid": "6ad3b58a-1e9f-488a-90f9-bd0b9dbdbf71",
                  "parentUUID": "9ea6c88e-fe42-4590-b72f-5c7a9ad1ebbb",
                  "isHook": false,
                  "skipped": false
                }
              ],
              "suites": [],
              "passes": [
                "be5481b8-8ad3-4001-8430-fdcee9a26a82",
                "a5073953-df36-46c8-8aea-a834c2a67a3c",
                "6ad3b58a-1e9f-488a-90f9-bd0b9dbdbf71"
              ],
              "failures": [
                "91852321-74ef-4576-a821-5bc566da44b4"
              ],
              "pending": [],
              "skipped": [],
              "duration": 549,
              "root": false,
              "rootEmpty": false,
              "_timeout": 30000
            },
            {
              "uuid": "90c48637-a299-4dcd-8f4a-8a51553cdded",
              "title": "3. POST /users/signin - User Sign In",
              "fullFile": "C:\\Users\\PC\\Documents\\BLOW_JOB\\csi400\\c2c_project\\ver12\\backend\\test\\api\\01-user.test.js",
              "file": "\\test\\api\\01-user.test.js",
              "beforeHooks": [],
              "afterHooks": [],
              "tests": [
                {
                  "title": "should login with valid seller credentials",
                  "fullTitle": "User Endpoints 3. POST /users/signin - User Sign In should login with valid seller credentials",
                  "timedOut": false,
                  "duration": 43,
                  "state": "failed",
                  "speed": null,
                  "pass": false,
                  "fail": true,
                  "pending": false,
                  "context": null,
                  "code": "const res = await chai\n  .request(baseURL)\n  .post(`${apiPrefix}/users/signin`)\n  .send({\n    email: global.testAccounts.seller1.email,\n    password: global.testAccounts.seller1.password\n  });\nvalidateSuccessResponse(res, 200);\nexpect(res.body).to.have.property('token');\nexpect(res.body).to.have.property('user');\nexpect(res.body.user).to.have.property('user_role').that.equals('seller');\n// Store token for later tests\ntokens.seller1 = res.body.token;",
                  "err": {
                    "message": "AssertionError: expected Response{ _events: {}, …(35), …(2) } to have status code 200 but got 401",
                    "estack": "AssertionError: expected Response{ _events: {}, …(35), …(2) } to have status code 200 but got 401\n    at validateSuccessResponse (file:///C:/Users/PC/Documents/BLOW_JOB/csi400/c2c_project/ver12/backend/test/helpers.js:85:23)\n    at Context.<anonymous> (file:///C:/Users/PC/Documents/BLOW_JOB/csi400/c2c_project/ver12/backend/test/api/01-user.test.js:103:7)\n    at process.processTicksAndRejections (node:internal/process/task_queues:105:5)",
                    "diff": "- 401\n+ 200\n"
                  },
                  "uuid": "75659355-4588-471b-b861-3f2206948655",
                  "parentUUID": "90c48637-a299-4dcd-8f4a-8a51553cdded",
                  "isHook": false,
                  "skipped": false
                },
                {
                  "title": "should login with valid buyer credentials",
                  "fullTitle": "User Endpoints 3. POST /users/signin - User Sign In should login with valid buyer credentials",
                  "timedOut": false,
                  "duration": 42,
                  "state": "failed",
                  "speed": null,
                  "pass": false,
                  "fail": true,
                  "pending": false,
                  "context": null,
                  "code": "const res = await chai\n  .request(baseURL)\n  .post(`${apiPrefix}/users/signin`)\n  .send({\n    email: global.testAccounts.buyer1.email,\n    password: global.testAccounts.buyer1.password\n  });\nvalidateSuccessResponse(res, 200);\nexpect(res.body).to.have.property('token');\nexpect(res.body.user).to.have.property('user_role').that.equals('buyer');\ntokens.buyer1 = res.body.token;",
                  "err": {
                    "message": "AssertionError: expected Response{ _events: {}, …(35), …(2) } to have status code 200 but got 401",
                    "estack": "AssertionError: expected Response{ _events: {}, …(35), …(2) } to have status code 200 but got 401\n    at validateSuccessResponse (file:///C:/Users/PC/Documents/BLOW_JOB/csi400/c2c_project/ver12/backend/test/helpers.js:85:23)\n    at Context.<anonymous> (file:///C:/Users/PC/Documents/BLOW_JOB/csi400/c2c_project/ver12/backend/test/api/01-user.test.js:121:7)\n    at process.processTicksAndRejections (node:internal/process/task_queues:105:5)",
                    "diff": "- 401\n+ 200\n"
                  },
                  "uuid": "fa230a1d-ee8a-4dc8-bb62-fd7476aff101",
                  "parentUUID": "90c48637-a299-4dcd-8f4a-8a51553cdded",
                  "isHook": false,
                  "skipped": false
                },
                {
                  "title": "should login with valid admin credentials",
                  "fullTitle": "User Endpoints 3. POST /users/signin - User Sign In should login with valid admin credentials",
                  "timedOut": false,
                  "duration": 42,
                  "state": "failed",
                  "speed": null,
                  "pass": false,
                  "fail": true,
                  "pending": false,
                  "context": null,
                  "code": "const res = await chai\n  .request(baseURL)\n  .post(`${apiPrefix}/users/signin`)\n  .send({\n    email: global.testAccounts.admin.email,\n    password: global.testAccounts.admin.password\n  });\nvalidateSuccessResponse(res, 200);\nexpect(res.body).to.have.property('token');\nexpect(res.body.user).to.have.property('user_role').that.equals('admin');\ntokens.admin = res.body.token;",
                  "err": {
                    "message": "AssertionError: expected Response{ _events: {}, …(35), …(2) } to have status code 200 but got 401",
                    "estack": "AssertionError: expected Response{ _events: {}, …(35), …(2) } to have status code 200 but got 401\n    at validateSuccessResponse (file:///C:/Users/PC/Documents/BLOW_JOB/csi400/c2c_project/ver12/backend/test/helpers.js:85:23)\n    at Context.<anonymous> (file:///C:/Users/PC/Documents/BLOW_JOB/csi400/c2c_project/ver12/backend/test/api/01-user.test.js:137:7)\n    at process.processTicksAndRejections (node:internal/process/task_queues:105:5)",
                    "diff": "- 401\n+ 200\n"
                  },
                  "uuid": "cc4bfb3a-1dc0-49ae-888e-b127e61f2675",
                  "parentUUID": "90c48637-a299-4dcd-8f4a-8a51553cdded",
                  "isHook": false,
                  "skipped": false
                },
                {
                  "title": "should reject login with invalid credentials",
                  "fullTitle": "User Endpoints 3. POST /users/signin - User Sign In should reject login with invalid credentials",
                  "timedOut": false,
                  "duration": 43,
                  "state": "passed",
                  "speed": "medium",
                  "pass": true,
                  "fail": false,
                  "pending": false,
                  "context": null,
                  "code": "const res = await chai\n  .request(baseURL)\n  .post(`${apiPrefix}/users/signin`)\n  .send({\n    email: 'invalid@example.com',\n    password: 'wrongpassword'\n  });\nvalidateErrorResponse(res, 401);",
                  "err": {},
                  "uuid": "219c5370-e176-43e2-b82e-d7cba3964387",
                  "parentUUID": "90c48637-a299-4dcd-8f4a-8a51553cdded",
                  "isHook": false,
                  "skipped": false
                }
              ],
              "suites": [],
              "passes": [
                "219c5370-e176-43e2-b82e-d7cba3964387"
              ],
              "failures": [
                "75659355-4588-471b-b861-3f2206948655",
                "fa230a1d-ee8a-4dc8-bb62-fd7476aff101",
                "cc4bfb3a-1dc0-49ae-888e-b127e61f2675"
              ],
              "pending": [],
              "skipped": [],
              "duration": 170,
              "root": false,
              "rootEmpty": false,
              "_timeout": 30000
            },
            {
              "uuid": "854bed91-919e-429c-b4cb-ea417e33229d",
              "title": "4. GET /users/verify-token - Verify Token",
              "fullFile": "C:\\Users\\PC\\Documents\\BLOW_JOB\\csi400\\c2c_project\\ver12\\backend\\test\\api\\01-user.test.js",
              "file": "\\test\\api\\01-user.test.js",
              "beforeHooks": [],
              "afterHooks": [],
              "tests": [
                {
                  "title": "should verify valid token",
                  "fullTitle": "User Endpoints 4. GET /users/verify-token - Verify Token should verify valid token",
                  "timedOut": false,
                  "duration": 4,
                  "state": "failed",
                  "speed": null,
                  "pass": false,
                  "fail": true,
                  "pending": false,
                  "context": null,
                  "code": "const res = await chai\n  .request(baseURL)\n  .get(`${apiPrefix}/users/verify-token`)\n  .set('Authorization', `Bearer ${tokens.seller1}`);\nvalidateSuccessResponse(res, 200);\nexpect(res.body).to.have.property('userId');",
                  "err": {
                    "message": "AssertionError: expected Response{ _events: {}, …(35), …(2) } to have status code 200 but got 401",
                    "estack": "AssertionError: expected Response{ _events: {}, …(35), …(2) } to have status code 200 but got 401\n    at validateSuccessResponse (file:///C:/Users/PC/Documents/BLOW_JOB/csi400/c2c_project/ver12/backend/test/helpers.js:85:23)\n    at Context.<anonymous> (file:///C:/Users/PC/Documents/BLOW_JOB/csi400/c2c_project/ver12/backend/test/api/01-user.test.js:164:7)\n    at process.processTicksAndRejections (node:internal/process/task_queues:105:5)",
                    "diff": "- 401\n+ 200\n"
                  },
                  "uuid": "952ba3c4-69fb-4392-90aa-390c58d1ff81",
                  "parentUUID": "854bed91-919e-429c-b4cb-ea417e33229d",
                  "isHook": false,
                  "skipped": false
                },
                {
                  "title": "should reject invalid token",
                  "fullTitle": "User Endpoints 4. GET /users/verify-token - Verify Token should reject invalid token",
                  "timedOut": false,
                  "duration": 2,
                  "state": "failed",
                  "speed": null,
                  "pass": false,
                  "fail": true,
                  "pending": false,
                  "context": null,
                  "code": "const res = await chai\n  .request(baseURL)\n  .get(`${apiPrefix}/users/verify-token`)\n  .set('Authorization', 'Bearer invalid_token_here');\nvalidateErrorResponse(res, 401);",
                  "err": {
                    "message": "AssertionError: expected { Object (message) } to have property 'success'",
                    "estack": "AssertionError: expected { Object (message) } to have property 'success'\n    at validateErrorResponse (file:///C:/Users/PC/Documents/BLOW_JOB/csi400/c2c_project/ver12/backend/test/helpers.js:97:28)\n    at Context.<anonymous> (file:///C:/Users/PC/Documents/BLOW_JOB/csi400/c2c_project/ver12/backend/test/api/01-user.test.js:174:7)\n    at process.processTicksAndRejections (node:internal/process/task_queues:105:5)",
                    "diff": null
                  },
                  "uuid": "481a2542-495e-44c8-aa4c-18c8a6981f4a",
                  "parentUUID": "854bed91-919e-429c-b4cb-ea417e33229d",
                  "isHook": false,
                  "skipped": false
                },
                {
                  "title": "should reject missing token",
                  "fullTitle": "User Endpoints 4. GET /users/verify-token - Verify Token should reject missing token",
                  "timedOut": false,
                  "duration": 2,
                  "state": "failed",
                  "speed": null,
                  "pass": false,
                  "fail": true,
                  "pending": false,
                  "context": null,
                  "code": "const res = await chai\n  .request(baseURL)\n  .get(`${apiPrefix}/users/verify-token`);\nvalidateErrorResponse(res, 401);",
                  "err": {
                    "message": "AssertionError: expected { Object (message) } to have property 'success'",
                    "estack": "AssertionError: expected { Object (message) } to have property 'success'\n    at validateErrorResponse (file:///C:/Users/PC/Documents/BLOW_JOB/csi400/c2c_project/ver12/backend/test/helpers.js:97:28)\n    at Context.<anonymous> (file:///C:/Users/PC/Documents/BLOW_JOB/csi400/c2c_project/ver12/backend/test/api/01-user.test.js:182:7)\n    at process.processTicksAndRejections (node:internal/process/task_queues:105:5)",
                    "diff": null
                  },
                  "uuid": "fd17de11-d221-4f26-880f-9512c60c1688",
                  "parentUUID": "854bed91-919e-429c-b4cb-ea417e33229d",
                  "isHook": false,
                  "skipped": false
                }
              ],
              "suites": [],
              "passes": [],
              "failures": [
                "952ba3c4-69fb-4392-90aa-390c58d1ff81",
                "481a2542-495e-44c8-aa4c-18c8a6981f4a",
                "fd17de11-d221-4f26-880f-9512c60c1688"
              ],
              "pending": [],
              "skipped": [],
              "duration": 8,
              "root": false,
              "rootEmpty": false,
              "_timeout": 30000
            },
            {
              "uuid": "0ccb5769-6622-417d-ace2-be492ea6e477",
              "title": "5. PATCH /users/edit-profile - Edit User Profile",
              "fullFile": "C:\\Users\\PC\\Documents\\BLOW_JOB\\csi400\\c2c_project\\ver12\\backend\\test\\api\\01-user.test.js",
              "file": "\\test\\api\\01-user.test.js",
              "beforeHooks": [],
              "afterHooks": [],
              "tests": [
                {
                  "title": "should update user profile successfully",
                  "fullTitle": "User Endpoints 5. PATCH /users/edit-profile - Edit User Profile should update user profile successfully",
                  "timedOut": false,
                  "duration": 3,
                  "state": "failed",
                  "speed": null,
                  "pass": false,
                  "fail": true,
                  "pending": false,
                  "context": null,
                  "code": "const updateData = {\n  first_name: 'Updated',\n  last_name: 'Name'\n};\nconst res = await chai\n  .request(baseURL)\n  .patch(`${apiPrefix}/users/edit-profile`)\n  .set('Authorization', `Bearer ${tokens.seller1}`)\n  .send(updateData);\nvalidateSuccessResponse(res, 200);\nexpect(res.body).to.have.property('user');\nexpect(res.body.user.first_name).to.equal('Updated');\nexpect(res.body.user.last_name).to.equal('Name');",
                  "err": {
                    "message": "AssertionError: expected Response{ _events: {}, …(35), …(2) } to have status code 200 but got 401",
                    "estack": "AssertionError: expected Response{ _events: {}, …(35), …(2) } to have status code 200 but got 401\n    at validateSuccessResponse (file:///C:/Users/PC/Documents/BLOW_JOB/csi400/c2c_project/ver12/backend/test/helpers.js:85:23)\n    at Context.<anonymous> (file:///C:/Users/PC/Documents/BLOW_JOB/csi400/c2c_project/ver12/backend/test/api/01-user.test.js:199:7)\n    at process.processTicksAndRejections (node:internal/process/task_queues:105:5)",
                    "diff": "- 401\n+ 200\n"
                  },
                  "uuid": "1a195dbb-a156-44f8-88a5-3b42ee38caa9",
                  "parentUUID": "0ccb5769-6622-417d-ace2-be492ea6e477",
                  "isHook": false,
                  "skipped": false
                },
                {
                  "title": "should reject profile update without authentication",
                  "fullTitle": "User Endpoints 5. PATCH /users/edit-profile - Edit User Profile should reject profile update without authentication",
                  "timedOut": false,
                  "duration": 3,
                  "state": "failed",
                  "speed": null,
                  "pass": false,
                  "fail": true,
                  "pending": false,
                  "context": null,
                  "code": "const updateData = {\n  first_name: 'Updated'\n};\nconst res = await chai\n  .request(baseURL)\n  .patch(`${apiPrefix}/users/edit-profile`)\n  .send(updateData);\nvalidateErrorResponse(res, 401);",
                  "err": {
                    "message": "AssertionError: expected { Object (message) } to have property 'success'",
                    "estack": "AssertionError: expected { Object (message) } to have property 'success'\n    at validateErrorResponse (file:///C:/Users/PC/Documents/BLOW_JOB/csi400/c2c_project/ver12/backend/test/helpers.js:97:28)\n    at Context.<anonymous> (file:///C:/Users/PC/Documents/BLOW_JOB/csi400/c2c_project/ver12/backend/test/api/01-user.test.js:215:7)\n    at process.processTicksAndRejections (node:internal/process/task_queues:105:5)",
                    "diff": null
                  },
                  "uuid": "f1283c93-4bdd-40c4-a8a1-5a21f91ad7fe",
                  "parentUUID": "0ccb5769-6622-417d-ace2-be492ea6e477",
                  "isHook": false,
                  "skipped": false
                }
              ],
              "suites": [],
              "passes": [],
              "failures": [
                "1a195dbb-a156-44f8-88a5-3b42ee38caa9",
                "f1283c93-4bdd-40c4-a8a1-5a21f91ad7fe"
              ],
              "pending": [],
              "skipped": [],
              "duration": 6,
              "root": false,
              "rootEmpty": false,
              "_timeout": 30000
            },
            {
              "uuid": "84e13986-775d-4389-ace8-e2f50d2a7b8b",
              "title": "6. POST /users/change-password - Change Password",
              "fullFile": "C:\\Users\\PC\\Documents\\BLOW_JOB\\csi400\\c2c_project\\ver12\\backend\\test\\api\\01-user.test.js",
              "file": "\\test\\api\\01-user.test.js",
              "beforeHooks": [],
              "afterHooks": [],
              "tests": [
                {
                  "title": "should reject password change with wrong current password",
                  "fullTitle": "User Endpoints 6. POST /users/change-password - Change Password should reject password change with wrong current password",
                  "timedOut": false,
                  "duration": 3,
                  "state": "failed",
                  "speed": null,
                  "pass": false,
                  "fail": true,
                  "pending": false,
                  "context": null,
                  "code": "const res = await chai\n  .request(baseURL)\n  .post(`${apiPrefix}/users/change-password`)\n  .set('Authorization', `Bearer ${tokens.seller1}`)\n  .send({\n    currentPassword: 'wrongpassword',\n    newPassword: 'newpassword123'\n  });\nvalidateErrorResponse(res, 400);",
                  "err": {
                    "message": "AssertionError: expected Response{ _events: {}, …(35), …(2) } to have status code 400 but got 401",
                    "estack": "AssertionError: expected Response{ _events: {}, …(35), …(2) } to have status code 400 but got 401\n    at validateErrorResponse (file:///C:/Users/PC/Documents/BLOW_JOB/csi400/c2c_project/ver12/backend/test/helpers.js:95:23)\n    at Context.<anonymous> (file:///C:/Users/PC/Documents/BLOW_JOB/csi400/c2c_project/ver12/backend/test/api/01-user.test.js:230:7)\n    at process.processTicksAndRejections (node:internal/process/task_queues:105:5)",
                    "diff": "- 401\n+ 400\n"
                  },
                  "uuid": "68477465-5b5e-4673-b970-5c372601587c",
                  "parentUUID": "84e13986-775d-4389-ace8-e2f50d2a7b8b",
                  "isHook": false,
                  "skipped": false
                },
                {
                  "title": "should reject password change without authentication",
                  "fullTitle": "User Endpoints 6. POST /users/change-password - Change Password should reject password change without authentication",
                  "timedOut": false,
                  "duration": 2,
                  "state": "failed",
                  "speed": null,
                  "pass": false,
                  "fail": true,
                  "pending": false,
                  "context": null,
                  "code": "const res = await chai\n  .request(baseURL)\n  .post(`${apiPrefix}/users/change-password`)\n  .send({\n    currentPassword: 'password123',\n    newPassword: 'newpassword123'\n  });\nvalidateErrorResponse(res, 401);",
                  "err": {
                    "message": "AssertionError: expected { Object (message) } to have property 'success'",
                    "estack": "AssertionError: expected { Object (message) } to have property 'success'\n    at validateErrorResponse (file:///C:/Users/PC/Documents/BLOW_JOB/csi400/c2c_project/ver12/backend/test/helpers.js:97:28)\n    at Context.<anonymous> (file:///C:/Users/PC/Documents/BLOW_JOB/csi400/c2c_project/ver12/backend/test/api/01-user.test.js:242:7)\n    at process.processTicksAndRejections (node:internal/process/task_queues:105:5)",
                    "diff": null
                  },
                  "uuid": "00712a21-d93d-424e-96cc-85161ce2d172",
                  "parentUUID": "84e13986-775d-4389-ace8-e2f50d2a7b8b",
                  "isHook": false,
                  "skipped": false
                }
              ],
              "suites": [],
              "passes": [],
              "failures": [
                "68477465-5b5e-4673-b970-5c372601587c",
                "00712a21-d93d-424e-96cc-85161ce2d172"
              ],
              "pending": [],
              "skipped": [],
              "duration": 5,
              "root": false,
              "rootEmpty": false,
              "_timeout": 30000
            },
            {
              "uuid": "ba554a2e-b99f-4a05-9de3-d4c5bb911af5",
              "title": "7. POST /users/super-signup - Create Admin Account",
              "fullFile": "C:\\Users\\PC\\Documents\\BLOW_JOB\\csi400\\c2c_project\\ver12\\backend\\test\\api\\01-user.test.js",
              "file": "\\test\\api\\01-user.test.js",
              "beforeHooks": [],
              "afterHooks": [],
              "tests": [
                {
                  "title": "should create admin account with super admin credentials",
                  "fullTitle": "User Endpoints 7. POST /users/super-signup - Create Admin Account should create admin account with super admin credentials",
                  "timedOut": false,
                  "duration": 3,
                  "state": "failed",
                  "speed": null,
                  "pass": false,
                  "fail": true,
                  "pending": false,
                  "context": null,
                  "code": "const adminData = {\n  email: `newadmin_${Date.now()}@marketplace.com`,\n  password: 'adminpassword123',\n  username: `newadmin_${Date.now()}`,\n  first_name: 'New',\n  last_name: 'Admin'\n};\nconst res = await chai\n  .request(baseURL)\n  .post(`${apiPrefix}/users/super-signup`)\n  .auth(global.testAccounts.superAdmin.email, global.testAccounts.superAdmin.password)\n  .send(adminData);\nvalidateSuccessResponse(res, 201);\nexpect(res.body).to.have.property('id');",
                  "err": {
                    "message": "AssertionError: expected Response{ _events: {}, …(34), …(2) } to have status code 201 but got 404",
                    "estack": "AssertionError: expected Response{ _events: {}, …(34), …(2) } to have status code 201 but got 404\n    at validateSuccessResponse (file:///C:/Users/PC/Documents/BLOW_JOB/csi400/c2c_project/ver12/backend/test/helpers.js:85:23)\n    at Context.<anonymous> (file:///C:/Users/PC/Documents/BLOW_JOB/csi400/c2c_project/ver12/backend/test/api/01-user.test.js:262:7)\n    at process.processTicksAndRejections (node:internal/process/task_queues:105:5)",
                    "diff": "- 404\n+ 201\n"
                  },
                  "uuid": "42bc7781-b21b-40bc-935a-6e709b88fe9a",
                  "parentUUID": "ba554a2e-b99f-4a05-9de3-d4c5bb911af5",
                  "isHook": false,
                  "skipped": false
                },
                {
                  "title": "should reject admin creation without super admin auth",
                  "fullTitle": "User Endpoints 7. POST /users/super-signup - Create Admin Account should reject admin creation without super admin auth",
                  "timedOut": false,
                  "duration": 3,
                  "state": "failed",
                  "speed": null,
                  "pass": false,
                  "fail": true,
                  "pending": false,
                  "context": null,
                  "code": "const adminData = {\n  email: `newadmin2_${Date.now()}@marketplace.com`,\n  password: 'adminpassword123',\n  username: `newadmin2_${Date.now()}`,\n  first_name: 'New',\n  last_name: 'Admin'\n};\nconst res = await chai\n  .request(baseURL)\n  .post(`${apiPrefix}/users/super-signup`)\n  .send(adminData);\nvalidateErrorResponse(res, 401);",
                  "err": {
                    "message": "AssertionError: expected Response{ _events: {}, …(34), …(2) } to have status code 401 but got 404",
                    "estack": "AssertionError: expected Response{ _events: {}, …(34), …(2) } to have status code 401 but got 404\n    at validateErrorResponse (file:///C:/Users/PC/Documents/BLOW_JOB/csi400/c2c_project/ver12/backend/test/helpers.js:95:23)\n    at Context.<anonymous> (file:///C:/Users/PC/Documents/BLOW_JOB/csi400/c2c_project/ver12/backend/test/api/01-user.test.js:280:7)\n    at process.processTicksAndRejections (node:internal/process/task_queues:105:5)",
                    "diff": "- 404\n+ 401\n"
                  },
                  "uuid": "00811dc1-d0b6-4638-b94f-e22b8b58a6df",
                  "parentUUID": "ba554a2e-b99f-4a05-9de3-d4c5bb911af5",
                  "isHook": false,
                  "skipped": false
                }
              ],
              "suites": [],
              "passes": [],
              "failures": [
                "42bc7781-b21b-40bc-935a-6e709b88fe9a",
                "00811dc1-d0b6-4638-b94f-e22b8b58a6df"
              ],
              "pending": [],
              "skipped": [],
              "duration": 6,
              "root": false,
              "rootEmpty": false,
              "_timeout": 30000
            },
            {
              "uuid": "07b65c20-94f4-4eb3-9d3a-b8c743b753a4",
              "title": "8. DELETE /users/delete-user - Delete User",
              "fullFile": "C:\\Users\\PC\\Documents\\BLOW_JOB\\csi400\\c2c_project\\ver12\\backend\\test\\api\\01-user.test.js",
              "file": "\\test\\api\\01-user.test.js",
              "beforeHooks": [
                {
                  "title": "\"before all\" hook in \"8. DELETE /users/delete-user - Delete User\"",
                  "fullTitle": "User Endpoints 8. DELETE /users/delete-user - Delete User \"before all\" hook in \"8. DELETE /users/delete-user - Delete User\"",
                  "timedOut": false,
                  "duration": 131,
                  "state": null,
                  "speed": null,
                  "pass": false,
                  "fail": false,
                  "pending": false,
                  "context": null,
                  "code": "// Create a user to delete\nconst userData = {\n  email: `todelete_${Date.now()}@example.com`,\n  password: 'password123',\n  username: `todelete_${Date.now()}`,\n  first_name: 'To',\n  last_name: 'Delete',\n  role: 'buyer'\n};\nconst res = await chai\n  .request(baseURL)\n  .post(`${apiPrefix}/users/signup`)\n  .send(userData);\nuserIdToDelete = res.body.id;",
                  "err": {},
                  "uuid": "619a6fbc-83d3-4629-864d-2100b6436fb3",
                  "parentUUID": "07b65c20-94f4-4eb3-9d3a-b8c743b753a4",
                  "isHook": true,
                  "skipped": false
                }
              ],
              "afterHooks": [],
              "tests": [
                {
                  "title": "should delete user with super admin credentials",
                  "fullTitle": "User Endpoints 8. DELETE /users/delete-user - Delete User should delete user with super admin credentials",
                  "timedOut": false,
                  "duration": 2,
                  "state": "failed",
                  "speed": null,
                  "pass": false,
                  "fail": true,
                  "pending": false,
                  "context": null,
                  "code": "const res = await chai\n  .request(baseURL)\n  .delete(`${apiPrefix}/users/delete-user`)\n  .auth(global.testAccounts.superAdmin.email, global.testAccounts.superAdmin.password)\n  .send({ user_id: userIdToDelete });\nvalidateSuccessResponse(res, 200);\nexpect(res.body).to.have.property('deletedUser');",
                  "err": {
                    "message": "AssertionError: expected Response{ _events: {}, …(34), …(2) } to have status code 200 but got 404",
                    "estack": "AssertionError: expected Response{ _events: {}, …(34), …(2) } to have status code 200 but got 404\n    at validateSuccessResponse (file:///C:/Users/PC/Documents/BLOW_JOB/csi400/c2c_project/ver12/backend/test/helpers.js:85:23)\n    at Context.<anonymous> (file:///C:/Users/PC/Documents/BLOW_JOB/csi400/c2c_project/ver12/backend/test/api/01-user.test.js:313:7)\n    at process.processTicksAndRejections (node:internal/process/task_queues:105:5)",
                    "diff": "- 404\n+ 200\n"
                  },
                  "uuid": "23911e47-77b2-477f-b5d7-fbecd62f38e5",
                  "parentUUID": "07b65c20-94f4-4eb3-9d3a-b8c743b753a4",
                  "isHook": false,
                  "skipped": false
                },
                {
                  "title": "should reject user deletion without super admin auth",
                  "fullTitle": "User Endpoints 8. DELETE /users/delete-user - Delete User should reject user deletion without super admin auth",
                  "timedOut": false,
                  "duration": 2,
                  "state": "failed",
                  "speed": null,
                  "pass": false,
                  "fail": true,
                  "pending": false,
                  "context": null,
                  "code": "const res = await chai\n  .request(baseURL)\n  .delete(`${apiPrefix}/users/delete-user`)\n  .send({ user_id: 999999 });\nvalidateErrorResponse(res, 401);",
                  "err": {
                    "message": "AssertionError: expected Response{ _events: {}, …(34), …(2) } to have status code 401 but got 404",
                    "estack": "AssertionError: expected Response{ _events: {}, …(34), …(2) } to have status code 401 but got 404\n    at validateErrorResponse (file:///C:/Users/PC/Documents/BLOW_JOB/csi400/c2c_project/ver12/backend/test/helpers.js:95:23)\n    at Context.<anonymous> (file:///C:/Users/PC/Documents/BLOW_JOB/csi400/c2c_project/ver12/backend/test/api/01-user.test.js:323:7)\n    at process.processTicksAndRejections (node:internal/process/task_queues:105:5)",
                    "diff": "- 404\n+ 401\n"
                  },
                  "uuid": "c93b5def-0a5d-42b5-9e46-36237829f6b6",
                  "parentUUID": "07b65c20-94f4-4eb3-9d3a-b8c743b753a4",
                  "isHook": false,
                  "skipped": false
                }
              ],
              "suites": [],
              "passes": [],
              "failures": [
                "23911e47-77b2-477f-b5d7-fbecd62f38e5",
                "c93b5def-0a5d-42b5-9e46-36237829f6b6"
              ],
              "pending": [],
              "skipped": [],
              "duration": 4,
              "root": false,
              "rootEmpty": false,
              "_timeout": 30000
            }
          ],
          "passes": [],
          "failures": [],
          "pending": [],
          "skipped": [],
          "duration": 0,
          "root": false,
          "rootEmpty": false,
          "_timeout": 30000
        },
        {
          "uuid": "791bc920-b966-405d-91e4-fc45c8655a3e",
          "title": "Listing Endpoints",
          "fullFile": "C:\\Users\\PC\\Documents\\BLOW_JOB\\csi400\\c2c_project\\ver12\\backend\\test\\api\\02-listing.test.js",
          "file": "\\test\\api\\02-listing.test.js",
          "beforeHooks": [],
          "afterHooks": [],
          "tests": [],
          "suites": [
            {
              "uuid": "46a73956-cac3-4749-a763-0f10a5065adf",
              "title": "9. GET /listings - Get All Listings",
              "fullFile": "C:\\Users\\PC\\Documents\\BLOW_JOB\\csi400\\c2c_project\\ver12\\backend\\test\\api\\02-listing.test.js",
              "file": "\\test\\api\\02-listing.test.js",
              "beforeHooks": [],
              "afterHooks": [],
              "tests": [
                {
                  "title": "should get all active listings without filters",
                  "fullTitle": "Listing Endpoints 9. GET /listings - Get All Listings should get all active listings without filters",
                  "timedOut": false,
                  "duration": 118,
                  "state": "failed",
                  "speed": null,
                  "pass": false,
                  "fail": true,
                  "pending": false,
                  "context": null,
                  "code": "const res = await chai\n  .request(baseURL)\n  .get(`${apiPrefix}/listings`);\nvalidateSuccessResponse(res, 200);\nexpect(res.body).to.have.property('listings');\nexpect(res.body.listings).to.be.an('array');\nexpect(res.body).to.have.property('pagination');\nvalidatePagination(res.body.pagination);",
                  "err": {
                    "message": "AssertionError: expected { page: 1, limit: 20, …(2) } to have property 'currentPage'",
                    "estack": "AssertionError: expected { page: 1, limit: 20, …(2) } to have property 'currentPage'\n    at validatePagination (file:///C:/Users/PC/Documents/BLOW_JOB/csi400/c2c_project/ver12/backend/test/helpers.js:106:30)\n    at Context.<anonymous> (file:///C:/Users/PC/Documents/BLOW_JOB/csi400/c2c_project/ver12/backend/test/api/02-listing.test.js:22:7)\n    at process.processTicksAndRejections (node:internal/process/task_queues:105:5)",
                    "diff": null
                  },
                  "uuid": "4a7aad50-c57f-4491-808b-6efe5815487a",
                  "parentUUID": "46a73956-cac3-4749-a763-0f10a5065adf",
                  "isHook": false,
                  "skipped": false
                },
                {
                  "title": "should filter listings by search query",
                  "fullTitle": "Listing Endpoints 9. GET /listings - Get All Listings should filter listings by search query",
                  "timedOut": false,
                  "duration": 80,
                  "state": "passed",
                  "speed": "slow",
                  "pass": true,
                  "fail": false,
                  "pending": false,
                  "context": null,
                  "code": "const res = await chai\n  .request(baseURL)\n  .get(`${apiPrefix}/listings?q=phone`);\nvalidateSuccessResponse(res, 200);\nexpect(res.body.listings).to.be.an('array');",
                  "err": {},
                  "uuid": "b399a99e-09a2-4e66-982a-9c792c5e1ada",
                  "parentUUID": "46a73956-cac3-4749-a763-0f10a5065adf",
                  "isHook": false,
                  "skipped": false
                },
                {
                  "title": "should filter listings by price range",
                  "fullTitle": "Listing Endpoints 9. GET /listings - Get All Listings should filter listings by price range",
                  "timedOut": false,
                  "duration": 79,
                  "state": "passed",
                  "speed": "slow",
                  "pass": true,
                  "fail": false,
                  "pending": false,
                  "context": null,
                  "code": "const res = await chai\n  .request(baseURL)\n  .get(`${apiPrefix}/listings?minPrice=1000&maxPrice=50000`);\nvalidateSuccessResponse(res, 200);\nexpect(res.body.listings).to.be.an('array');",
                  "err": {},
                  "uuid": "64c53d8c-dccf-459a-b821-450d06045097",
                  "parentUUID": "46a73956-cac3-4749-a763-0f10a5065adf",
                  "isHook": false,
                  "skipped": false
                },
                {
                  "title": "should sort listings by newest",
                  "fullTitle": "Listing Endpoints 9. GET /listings - Get All Listings should sort listings by newest",
                  "timedOut": false,
                  "duration": 79,
                  "state": "passed",
                  "speed": "slow",
                  "pass": true,
                  "fail": false,
                  "pending": false,
                  "context": null,
                  "code": "const res = await chai\n  .request(baseURL)\n  .get(`${apiPrefix}/listings?sort=newest`);\nvalidateSuccessResponse(res, 200);\nexpect(res.body.listings).to.be.an('array');",
                  "err": {},
                  "uuid": "9abad0b4-7457-4403-bed3-fd6a2c5e0feb",
                  "parentUUID": "46a73956-cac3-4749-a763-0f10a5065adf",
                  "isHook": false,
                  "skipped": false
                },
                {
                  "title": "should paginate results",
                  "fullTitle": "Listing Endpoints 9. GET /listings - Get All Listings should paginate results",
                  "timedOut": false,
                  "duration": 77,
                  "state": "failed",
                  "speed": null,
                  "pass": false,
                  "fail": true,
                  "pending": false,
                  "context": null,
                  "code": "const res = await chai\n  .request(baseURL)\n  .get(`${apiPrefix}/listings?page=1&limit=5`);\nvalidateSuccessResponse(res, 200);\nexpect(res.body.pagination.itemsPerPage).to.equal(5);",
                  "err": {
                    "message": "AssertionError: expected undefined to equal 5",
                    "estack": "AssertionError: expected undefined to equal 5\n    at Context.<anonymous> (file:///C:/Users/PC/Documents/BLOW_JOB/csi400/c2c_project/ver12/backend/test/api/02-listing.test.js:58:51)\n    at process.processTicksAndRejections (node:internal/process/task_queues:105:5)",
                    "diff": null
                  },
                  "uuid": "32ca2fd7-af2a-44cc-83a8-864c068564d9",
                  "parentUUID": "46a73956-cac3-4749-a763-0f10a5065adf",
                  "isHook": false,
                  "skipped": false
                }
              ],
              "suites": [],
              "passes": [
                "b399a99e-09a2-4e66-982a-9c792c5e1ada",
                "64c53d8c-dccf-459a-b821-450d06045097",
                "9abad0b4-7457-4403-bed3-fd6a2c5e0feb"
              ],
              "failures": [
                "4a7aad50-c57f-4491-808b-6efe5815487a",
                "32ca2fd7-af2a-44cc-83a8-864c068564d9"
              ],
              "pending": [],
              "skipped": [],
              "duration": 433,
              "root": false,
              "rootEmpty": false,
              "_timeout": 30000
            },
            {
              "uuid": "7af08c93-a8ec-497b-a4d8-d24f195e386d",
              "title": "10. GET /listings/:id - Get Single Listing",
              "fullFile": "C:\\Users\\PC\\Documents\\BLOW_JOB\\csi400\\c2c_project\\ver12\\backend\\test\\api\\02-listing.test.js",
              "file": "\\test\\api\\02-listing.test.js",
              "beforeHooks": [],
              "afterHooks": [],
              "tests": [
                {
                  "title": "should get listing details by ID",
                  "fullTitle": "Listing Endpoints 10. GET /listings/:id - Get Single Listing should get listing details by ID",
                  "timedOut": false,
                  "duration": 76,
                  "state": "passed",
                  "speed": "slow",
                  "pass": true,
                  "fail": false,
                  "pending": false,
                  "context": null,
                  "code": "const res = await chai\n  .request(baseURL)\n  .get(`${apiPrefix}/listings/1`);\nif (res.status === 200) {\n  validateSuccessResponse(res, 200);\n  expect(res.body).to.have.property('listing');\n  expect(res.body.listing).to.have.property('listing_id');\n  expect(res.body.listing).to.have.property('title');\n  expect(res.body.listing).to.have.property('price');\n} else {\n  validateErrorResponse(res, 404);\n}",
                  "err": {},
                  "uuid": "48b0b666-6583-4be4-9084-ee2a97f13417",
                  "parentUUID": "7af08c93-a8ec-497b-a4d8-d24f195e386d",
                  "isHook": false,
                  "skipped": false
                },
                {
                  "title": "should return 404 for non-existent listing",
                  "fullTitle": "Listing Endpoints 10. GET /listings/:id - Get Single Listing should return 404 for non-existent listing",
                  "timedOut": false,
                  "duration": 76,
                  "state": "passed",
                  "speed": "slow",
                  "pass": true,
                  "fail": false,
                  "pending": false,
                  "context": null,
                  "code": "const res = await chai\n  .request(baseURL)\n  .get(`${apiPrefix}/listings/999999`);\nvalidateErrorResponse(res, 404);",
                  "err": {},
                  "uuid": "873764a4-43b5-4438-b91c-89577204955e",
                  "parentUUID": "7af08c93-a8ec-497b-a4d8-d24f195e386d",
                  "isHook": false,
                  "skipped": false
                }
              ],
              "suites": [],
              "passes": [
                "48b0b666-6583-4be4-9084-ee2a97f13417",
                "873764a4-43b5-4438-b91c-89577204955e"
              ],
              "failures": [],
              "pending": [],
              "skipped": [],
              "duration": 152,
              "root": false,
              "rootEmpty": false,
              "_timeout": 30000
            },
            {
              "uuid": "5d4a29c7-d511-42ff-8e16-9b59442d8868",
              "title": "11. POST /listings - Create Listing",
              "fullFile": "C:\\Users\\PC\\Documents\\BLOW_JOB\\csi400\\c2c_project\\ver12\\backend\\test\\api\\02-listing.test.js",
              "file": "\\test\\api\\02-listing.test.js",
              "beforeHooks": [],
              "afterHooks": [],
              "tests": [
                {
                  "title": "should create a new listing as seller",
                  "fullTitle": "Listing Endpoints 11. POST /listings - Create Listing should create a new listing as seller",
                  "timedOut": false,
                  "duration": 2,
                  "state": "failed",
                  "speed": null,
                  "pass": false,
                  "fail": true,
                  "pending": false,
                  "context": null,
                  "code": "const listingData = {\n  categoryId: 1,\n  title: `Test Listing ${Date.now()}`,\n  description: 'This is a test listing for automated testing',\n  price: 15000,\n  location: 'Bangkok',\n  images: []\n};\nconst res = await chai\n  .request(baseURL)\n  .post(`${apiPrefix}/listings`)\n  .set('Authorization', `Bearer ${tokens.seller1}`)\n  .send(listingData);\nvalidateSuccessResponse(res, 201);\nexpect(res.body).to.have.property('listingId');\n// Store for later tests\ntestListingId = res.body.listingId;\ntestData.listingIds.test1 = testListingId;",
                  "err": {
                    "message": "AssertionError: expected Response{ _events: {}, …(35), …(2) } to have status code 201 but got 401",
                    "estack": "AssertionError: expected Response{ _events: {}, …(35), …(2) } to have status code 201 but got 401\n    at validateSuccessResponse (file:///C:/Users/PC/Documents/BLOW_JOB/csi400/c2c_project/ver12/backend/test/helpers.js:85:23)\n    at Context.<anonymous> (file:///C:/Users/PC/Documents/BLOW_JOB/csi400/c2c_project/ver12/backend/test/api/02-listing.test.js:105:7)\n    at process.processTicksAndRejections (node:internal/process/task_queues:105:5)",
                    "diff": "- 401\n+ 201\n"
                  },
                  "uuid": "6df1d845-4dd5-4e91-b2f3-ed4d6b71a024",
                  "parentUUID": "5d4a29c7-d511-42ff-8e16-9b59442d8868",
                  "isHook": false,
                  "skipped": false
                },
                {
                  "title": "should reject listing creation without authentication",
                  "fullTitle": "Listing Endpoints 11. POST /listings - Create Listing should reject listing creation without authentication",
                  "timedOut": false,
                  "duration": 2,
                  "state": "passed",
                  "speed": "fast",
                  "pass": true,
                  "fail": false,
                  "pending": false,
                  "context": null,
                  "code": "const listingData = {\n  categoryId: 1,\n  title: 'Test Listing',\n  description: 'Test description',\n  price: 15000,\n  location: 'Bangkok'\n};\nconst res = await chai\n  .request(baseURL)\n  .post(`${apiPrefix}/listings`)\n  .send(listingData);\nvalidateErrorResponse(res, 401);",
                  "err": {},
                  "uuid": "f146c59f-3d3f-44fc-99a6-edc429668361",
                  "parentUUID": "5d4a29c7-d511-42ff-8e16-9b59442d8868",
                  "isHook": false,
                  "skipped": false
                },
                {
                  "title": "should reject listing with missing required fields",
                  "fullTitle": "Listing Endpoints 11. POST /listings - Create Listing should reject listing with missing required fields",
                  "timedOut": false,
                  "duration": 3,
                  "state": "failed",
                  "speed": null,
                  "pass": false,
                  "fail": true,
                  "pending": false,
                  "context": null,
                  "code": "const listingData = {\n  title: 'Incomplete Listing'\n};\nconst res = await chai\n  .request(baseURL)\n  .post(`${apiPrefix}/listings`)\n  .set('Authorization', `Bearer ${tokens.seller1}`)\n  .send(listingData);\nvalidateErrorResponse(res, 400);",
                  "err": {
                    "message": "AssertionError: expected Response{ _events: {}, …(35), …(2) } to have status code 400 but got 401",
                    "estack": "AssertionError: expected Response{ _events: {}, …(35), …(2) } to have status code 400 but got 401\n    at validateErrorResponse (file:///C:/Users/PC/Documents/BLOW_JOB/csi400/c2c_project/ver12/backend/test/helpers.js:95:23)\n    at Context.<anonymous> (file:///C:/Users/PC/Documents/BLOW_JOB/csi400/c2c_project/ver12/backend/test/api/02-listing.test.js:141:7)\n    at process.processTicksAndRejections (node:internal/process/task_queues:105:5)",
                    "diff": "- 401\n+ 400\n"
                  },
                  "uuid": "1e20cb51-22ca-4315-b545-1441bbba3e28",
                  "parentUUID": "5d4a29c7-d511-42ff-8e16-9b59442d8868",
                  "isHook": false,
                  "skipped": false
                },
                {
                  "title": "should reject listing creation by buyer",
                  "fullTitle": "Listing Endpoints 11. POST /listings - Create Listing should reject listing creation by buyer",
                  "timedOut": false,
                  "duration": 2,
                  "state": "failed",
                  "speed": null,
                  "pass": false,
                  "fail": true,
                  "pending": false,
                  "context": null,
                  "code": "const listingData = {\n  categoryId: 1,\n  title: 'Buyer Test Listing',\n  description: 'Test description',\n  price: 15000,\n  location: 'Bangkok'\n};\nconst res = await chai\n  .request(baseURL)\n  .post(`${apiPrefix}/listings`)\n  .set('Authorization', `Bearer ${tokens.buyer1}`)\n  .send(listingData);\nvalidateErrorResponse(res, 403);",
                  "err": {
                    "message": "AssertionError: expected Response{ _events: {}, …(35), …(2) } to have status code 403 but got 401",
                    "estack": "AssertionError: expected Response{ _events: {}, …(35), …(2) } to have status code 403 but got 401\n    at validateErrorResponse (file:///C:/Users/PC/Documents/BLOW_JOB/csi400/c2c_project/ver12/backend/test/helpers.js:95:23)\n    at Context.<anonymous> (file:///C:/Users/PC/Documents/BLOW_JOB/csi400/c2c_project/ver12/backend/test/api/02-listing.test.js:159:7)\n    at process.processTicksAndRejections (node:internal/process/task_queues:105:5)",
                    "diff": "- 401\n+ 403\n"
                  },
                  "uuid": "26784e08-4337-4b40-b097-7f04bc88766d",
                  "parentUUID": "5d4a29c7-d511-42ff-8e16-9b59442d8868",
                  "isHook": false,
                  "skipped": false
                }
              ],
              "suites": [],
              "passes": [
                "f146c59f-3d3f-44fc-99a6-edc429668361"
              ],
              "failures": [
                "6df1d845-4dd5-4e91-b2f3-ed4d6b71a024",
                "1e20cb51-22ca-4315-b545-1441bbba3e28",
                "26784e08-4337-4b40-b097-7f04bc88766d"
              ],
              "pending": [],
              "skipped": [],
              "duration": 9,
              "root": false,
              "rootEmpty": false,
              "_timeout": 30000
            },
            {
              "uuid": "69d189d0-fafb-4a4d-8804-d64bf72908a1",
              "title": "12. GET /listings/my/listings - Get My Listings",
              "fullFile": "C:\\Users\\PC\\Documents\\BLOW_JOB\\csi400\\c2c_project\\ver12\\backend\\test\\api\\02-listing.test.js",
              "file": "\\test\\api\\02-listing.test.js",
              "beforeHooks": [],
              "afterHooks": [],
              "tests": [
                {
                  "title": "should get seller's own listings",
                  "fullTitle": "Listing Endpoints 12. GET /listings/my/listings - Get My Listings should get seller's own listings",
                  "timedOut": false,
                  "duration": 2,
                  "state": "failed",
                  "speed": null,
                  "pass": false,
                  "fail": true,
                  "pending": false,
                  "context": null,
                  "code": "const res = await chai\n  .request(baseURL)\n  .get(`${apiPrefix}/listings/my/listings`)\n  .set('Authorization', `Bearer ${tokens.seller1}`);\nvalidateSuccessResponse(res, 200);\nexpect(res.body).to.have.property('listings');\nexpect(res.body.listings).to.be.an('array');",
                  "err": {
                    "message": "AssertionError: expected Response{ _events: {}, …(35), …(2) } to have status code 200 but got 401",
                    "estack": "AssertionError: expected Response{ _events: {}, …(35), …(2) } to have status code 200 but got 401\n    at validateSuccessResponse (file:///C:/Users/PC/Documents/BLOW_JOB/csi400/c2c_project/ver12/backend/test/helpers.js:85:23)\n    at Context.<anonymous> (file:///C:/Users/PC/Documents/BLOW_JOB/csi400/c2c_project/ver12/backend/test/api/02-listing.test.js:170:7)\n    at process.processTicksAndRejections (node:internal/process/task_queues:105:5)",
                    "diff": "- 401\n+ 200\n"
                  },
                  "uuid": "21c885d4-8b44-40a9-9fcf-5c1c2f5ffe90",
                  "parentUUID": "69d189d0-fafb-4a4d-8804-d64bf72908a1",
                  "isHook": false,
                  "skipped": false
                },
                {
                  "title": "should reject without authentication",
                  "fullTitle": "Listing Endpoints 12. GET /listings/my/listings - Get My Listings should reject without authentication",
                  "timedOut": false,
                  "duration": 2,
                  "state": "passed",
                  "speed": "fast",
                  "pass": true,
                  "fail": false,
                  "pending": false,
                  "context": null,
                  "code": "const res = await chai\n  .request(baseURL)\n  .get(`${apiPrefix}/listings/my/listings`);\nvalidateErrorResponse(res, 401);",
                  "err": {},
                  "uuid": "a39ed577-3550-4397-a915-40a39b1b5570",
                  "parentUUID": "69d189d0-fafb-4a4d-8804-d64bf72908a1",
                  "isHook": false,
                  "skipped": false
                }
              ],
              "suites": [],
              "passes": [
                "a39ed577-3550-4397-a915-40a39b1b5570"
              ],
              "failures": [
                "21c885d4-8b44-40a9-9fcf-5c1c2f5ffe90"
              ],
              "pending": [],
              "skipped": [],
              "duration": 4,
              "root": false,
              "rootEmpty": false,
              "_timeout": 30000
            },
            {
              "uuid": "96af73cd-7f8b-4bb3-8e09-b4eebc4d6aee",
              "title": "13. PUT /listings/:id - Update Listing",
              "fullFile": "C:\\Users\\PC\\Documents\\BLOW_JOB\\csi400\\c2c_project\\ver12\\backend\\test\\api\\02-listing.test.js",
              "file": "\\test\\api\\02-listing.test.js",
              "beforeHooks": [],
              "afterHooks": [],
              "tests": [
                {
                  "title": "should update listing as owner",
                  "fullTitle": "Listing Endpoints 13. PUT /listings/:id - Update Listing should update listing as owner",
                  "timedOut": false,
                  "duration": 2,
                  "state": "failed",
                  "speed": null,
                  "pass": false,
                  "fail": true,
                  "pending": false,
                  "context": null,
                  "code": "const updateData = {\n  title: `Updated Listing ${Date.now()}`,\n  description: 'Updated description',\n  price: 20000\n};\nconst res = await chai\n  .request(baseURL)\n  .put(`${apiPrefix}/listings/${testListingId}`)\n  .set('Authorization', `Bearer ${tokens.seller1}`)\n  .send(updateData);\nvalidateSuccessResponse(res, 200);\nexpect(res.body).to.have.property('listing');",
                  "err": {
                    "message": "AssertionError: expected Response{ _events: {}, …(35), …(2) } to have status code 200 but got 401",
                    "estack": "AssertionError: expected Response{ _events: {}, …(35), …(2) } to have status code 200 but got 401\n    at validateSuccessResponse (file:///C:/Users/PC/Documents/BLOW_JOB/csi400/c2c_project/ver12/backend/test/helpers.js:85:23)\n    at Context.<anonymous> (file:///C:/Users/PC/Documents/BLOW_JOB/csi400/c2c_project/ver12/backend/test/api/02-listing.test.js:198:7)\n    at process.processTicksAndRejections (node:internal/process/task_queues:105:5)",
                    "diff": "- 401\n+ 200\n"
                  },
                  "uuid": "d3c67c5a-99bb-41f6-881f-e88c49fd11dd",
                  "parentUUID": "96af73cd-7f8b-4bb3-8e09-b4eebc4d6aee",
                  "isHook": false,
                  "skipped": false
                },
                {
                  "title": "should reject update by non-owner",
                  "fullTitle": "Listing Endpoints 13. PUT /listings/:id - Update Listing should reject update by non-owner",
                  "timedOut": false,
                  "duration": 2,
                  "state": "failed",
                  "speed": null,
                  "pass": false,
                  "fail": true,
                  "pending": false,
                  "context": null,
                  "code": "const updateData = {\n  title: 'Unauthorized Update'\n};\nconst res = await chai\n  .request(baseURL)\n  .put(`${apiPrefix}/listings/${testListingId}`)\n  .set('Authorization', `Bearer ${tokens.buyer1}`)\n  .send(updateData);\nvalidateErrorResponse(res, 403);",
                  "err": {
                    "message": "AssertionError: expected Response{ _events: {}, …(35), …(2) } to have status code 403 but got 401",
                    "estack": "AssertionError: expected Response{ _events: {}, …(35), …(2) } to have status code 403 but got 401\n    at validateErrorResponse (file:///C:/Users/PC/Documents/BLOW_JOB/csi400/c2c_project/ver12/backend/test/helpers.js:95:23)\n    at Context.<anonymous> (file:///C:/Users/PC/Documents/BLOW_JOB/csi400/c2c_project/ver12/backend/test/api/02-listing.test.js:213:7)\n    at process.processTicksAndRejections (node:internal/process/task_queues:105:5)",
                    "diff": "- 401\n+ 403\n"
                  },
                  "uuid": "b4218948-ccb1-458b-84cd-10851b883a60",
                  "parentUUID": "96af73cd-7f8b-4bb3-8e09-b4eebc4d6aee",
                  "isHook": false,
                  "skipped": false
                },
                {
                  "title": "should reject update without authentication",
                  "fullTitle": "Listing Endpoints 13. PUT /listings/:id - Update Listing should reject update without authentication",
                  "timedOut": false,
                  "duration": 2,
                  "state": "passed",
                  "speed": "fast",
                  "pass": true,
                  "fail": false,
                  "pending": false,
                  "context": null,
                  "code": "const updateData = {\n  title: 'No Auth Update'\n};\nconst res = await chai\n  .request(baseURL)\n  .put(`${apiPrefix}/listings/${testListingId}`)\n  .send(updateData);\nvalidateErrorResponse(res, 401);",
                  "err": {},
                  "uuid": "8ac185ee-9ecd-4205-90f9-d6420c6253ba",
                  "parentUUID": "96af73cd-7f8b-4bb3-8e09-b4eebc4d6aee",
                  "isHook": false,
                  "skipped": false
                }
              ],
              "suites": [],
              "passes": [
                "8ac185ee-9ecd-4205-90f9-d6420c6253ba"
              ],
              "failures": [
                "d3c67c5a-99bb-41f6-881f-e88c49fd11dd",
                "b4218948-ccb1-458b-84cd-10851b883a60"
              ],
              "pending": [],
              "skipped": [],
              "duration": 6,
              "root": false,
              "rootEmpty": false,
              "_timeout": 30000
            },
            {
              "uuid": "70de5c10-e360-46ab-a7c4-551c04dce9b0",
              "title": "14. PATCH /listings/:id/status - Update Listing Status",
              "fullFile": "C:\\Users\\PC\\Documents\\BLOW_JOB\\csi400\\c2c_project\\ver12\\backend\\test\\api\\02-listing.test.js",
              "file": "\\test\\api\\02-listing.test.js",
              "beforeHooks": [],
              "afterHooks": [],
              "tests": [
                {
                  "title": "should update listing status to sold",
                  "fullTitle": "Listing Endpoints 14. PATCH /listings/:id/status - Update Listing Status should update listing status to sold",
                  "timedOut": false,
                  "duration": 2,
                  "state": "failed",
                  "speed": null,
                  "pass": false,
                  "fail": true,
                  "pending": false,
                  "context": null,
                  "code": "const res = await chai\n  .request(baseURL)\n  .patch(`${apiPrefix}/listings/${testListingId}/status`)\n  .set('Authorization', `Bearer ${tokens.seller1}`)\n  .send({ status: 'sold' });\nvalidateSuccessResponse(res, 200);\nexpect(res.body).to.have.property('listing');",
                  "err": {
                    "message": "AssertionError: expected Response{ _events: {}, …(35), …(2) } to have status code 200 but got 401",
                    "estack": "AssertionError: expected Response{ _events: {}, …(35), …(2) } to have status code 200 but got 401\n    at validateSuccessResponse (file:///C:/Users/PC/Documents/BLOW_JOB/csi400/c2c_project/ver12/backend/test/helpers.js:85:23)\n    at Context.<anonymous> (file:///C:/Users/PC/Documents/BLOW_JOB/csi400/c2c_project/ver12/backend/test/api/02-listing.test.js:238:7)\n    at process.processTicksAndRejections (node:internal/process/task_queues:105:5)",
                    "diff": "- 401\n+ 200\n"
                  },
                  "uuid": "338b095c-89a7-4d47-ae88-1fdde1f89e02",
                  "parentUUID": "70de5c10-e360-46ab-a7c4-551c04dce9b0",
                  "isHook": false,
                  "skipped": false
                },
                {
                  "title": "should update listing status to active",
                  "fullTitle": "Listing Endpoints 14. PATCH /listings/:id/status - Update Listing Status should update listing status to active",
                  "timedOut": false,
                  "duration": 3,
                  "state": "failed",
                  "speed": null,
                  "pass": false,
                  "fail": true,
                  "pending": false,
                  "context": null,
                  "code": "const res = await chai\n  .request(baseURL)\n  .patch(`${apiPrefix}/listings/${testListingId}/status`)\n  .set('Authorization', `Bearer ${tokens.seller1}`)\n  .send({ status: 'active' });\nvalidateSuccessResponse(res, 200);",
                  "err": {
                    "message": "AssertionError: expected Response{ _events: {}, …(35), …(2) } to have status code 200 but got 401",
                    "estack": "AssertionError: expected Response{ _events: {}, …(35), …(2) } to have status code 200 but got 401\n    at validateSuccessResponse (file:///C:/Users/PC/Documents/BLOW_JOB/csi400/c2c_project/ver12/backend/test/helpers.js:85:23)\n    at Context.<anonymous> (file:///C:/Users/PC/Documents/BLOW_JOB/csi400/c2c_project/ver12/backend/test/api/02-listing.test.js:249:7)\n    at process.processTicksAndRejections (node:internal/process/task_queues:105:5)",
                    "diff": "- 401\n+ 200\n"
                  },
                  "uuid": "88a3c9db-b8a8-48d1-b231-e68c7d7e3915",
                  "parentUUID": "70de5c10-e360-46ab-a7c4-551c04dce9b0",
                  "isHook": false,
                  "skipped": false
                },
                {
                  "title": "should reject invalid status",
                  "fullTitle": "Listing Endpoints 14. PATCH /listings/:id/status - Update Listing Status should reject invalid status",
                  "timedOut": false,
                  "duration": 2,
                  "state": "failed",
                  "speed": null,
                  "pass": false,
                  "fail": true,
                  "pending": false,
                  "context": null,
                  "code": "const res = await chai\n  .request(baseURL)\n  .patch(`${apiPrefix}/listings/${testListingId}/status`)\n  .set('Authorization', `Bearer ${tokens.seller1}`)\n  .send({ status: 'invalid_status' });\nvalidateErrorResponse(res, 400);",
                  "err": {
                    "message": "AssertionError: expected Response{ _events: {}, …(35), …(2) } to have status code 400 but got 401",
                    "estack": "AssertionError: expected Response{ _events: {}, …(35), …(2) } to have status code 400 but got 401\n    at validateErrorResponse (file:///C:/Users/PC/Documents/BLOW_JOB/csi400/c2c_project/ver12/backend/test/helpers.js:95:23)\n    at Context.<anonymous> (file:///C:/Users/PC/Documents/BLOW_JOB/csi400/c2c_project/ver12/backend/test/api/02-listing.test.js:259:7)\n    at process.processTicksAndRejections (node:internal/process/task_queues:105:5)",
                    "diff": "- 401\n+ 400\n"
                  },
                  "uuid": "4811aeee-64e1-4ab6-8c89-f7f104000012",
                  "parentUUID": "70de5c10-e360-46ab-a7c4-551c04dce9b0",
                  "isHook": false,
                  "skipped": false
                }
              ],
              "suites": [],
              "passes": [],
              "failures": [
                "338b095c-89a7-4d47-ae88-1fdde1f89e02",
                "88a3c9db-b8a8-48d1-b231-e68c7d7e3915",
                "4811aeee-64e1-4ab6-8c89-f7f104000012"
              ],
              "pending": [],
              "skipped": [],
              "duration": 7,
              "root": false,
              "rootEmpty": false,
              "_timeout": 30000
            },
            {
              "uuid": "d7b46a76-4ac6-4349-9466-7758cc591903",
              "title": "15. DELETE /listings/:id - Delete Listing",
              "fullFile": "C:\\Users\\PC\\Documents\\BLOW_JOB\\csi400\\c2c_project\\ver12\\backend\\test\\api\\02-listing.test.js",
              "file": "\\test\\api\\02-listing.test.js",
              "beforeHooks": [
                {
                  "title": "\"before all\" hook in \"15. DELETE /listings/:id - Delete Listing\"",
                  "fullTitle": "Listing Endpoints 15. DELETE /listings/:id - Delete Listing \"before all\" hook in \"15. DELETE /listings/:id - Delete Listing\"",
                  "timedOut": false,
                  "duration": 2,
                  "state": null,
                  "speed": null,
                  "pass": false,
                  "fail": false,
                  "pending": false,
                  "context": null,
                  "code": "// Create a listing to delete\nconst listingData = {\n  categoryId: 1,\n  title: `To Delete ${Date.now()}`,\n  description: 'This listing will be deleted',\n  price: 10000,\n  location: 'Bangkok'\n};\nconst res = await chai\n  .request(baseURL)\n  .post(`${apiPrefix}/listings`)\n  .set('Authorization', `Bearer ${tokens.seller1}`)\n  .send(listingData);\nlistingToDelete = res.body.listingId;",
                  "err": {},
                  "uuid": "8380182b-e70c-408b-8b4f-29772d2eaf54",
                  "parentUUID": "d7b46a76-4ac6-4349-9466-7758cc591903",
                  "isHook": true,
                  "skipped": false
                }
              ],
              "afterHooks": [],
              "tests": [
                {
                  "title": "should delete listing as owner",
                  "fullTitle": "Listing Endpoints 15. DELETE /listings/:id - Delete Listing should delete listing as owner",
                  "timedOut": false,
                  "duration": 2,
                  "state": "failed",
                  "speed": null,
                  "pass": false,
                  "fail": true,
                  "pending": false,
                  "context": null,
                  "code": "const res = await chai\n  .request(baseURL)\n  .delete(`${apiPrefix}/listings/${listingToDelete}`)\n  .set('Authorization', `Bearer ${tokens.seller1}`);\nvalidateSuccessResponse(res, 200);",
                  "err": {
                    "message": "AssertionError: expected Response{ _events: {}, …(35), …(2) } to have status code 200 but got 401",
                    "estack": "AssertionError: expected Response{ _events: {}, …(35), …(2) } to have status code 200 but got 401\n    at validateSuccessResponse (file:///C:/Users/PC/Documents/BLOW_JOB/csi400/c2c_project/ver12/backend/test/helpers.js:85:23)\n    at Context.<anonymous> (file:///C:/Users/PC/Documents/BLOW_JOB/csi400/c2c_project/ver12/backend/test/api/02-listing.test.js:291:7)\n    at process.processTicksAndRejections (node:internal/process/task_queues:105:5)",
                    "diff": "- 401\n+ 200\n"
                  },
                  "uuid": "d7a148de-bb51-4230-a9d4-3b3498357418",
                  "parentUUID": "d7b46a76-4ac6-4349-9466-7758cc591903",
                  "isHook": false,
                  "skipped": false
                },
                {
                  "title": "should reject deletion without authentication",
                  "fullTitle": "Listing Endpoints 15. DELETE /listings/:id - Delete Listing should reject deletion without authentication",
                  "timedOut": false,
                  "duration": 1,
                  "state": "passed",
                  "speed": "fast",
                  "pass": true,
                  "fail": false,
                  "pending": false,
                  "context": null,
                  "code": "const res = await chai\n  .request(baseURL)\n  .delete(`${apiPrefix}/listings/999`);\nvalidateErrorResponse(res, 401);",
                  "err": {},
                  "uuid": "5bc635c4-47b7-4a54-b82c-66e6a5b766ff",
                  "parentUUID": "d7b46a76-4ac6-4349-9466-7758cc591903",
                  "isHook": false,
                  "skipped": false
                }
              ],
              "suites": [],
              "passes": [
                "5bc635c4-47b7-4a54-b82c-66e6a5b766ff"
              ],
              "failures": [
                "d7a148de-bb51-4230-a9d4-3b3498357418"
              ],
              "pending": [],
              "skipped": [],
              "duration": 3,
              "root": false,
              "rootEmpty": false,
              "_timeout": 30000
            },
            {
              "uuid": "9bad842b-ea22-4714-ba00-8f4c519d1cfa",
              "title": "16. POST /listings/:id/images - Add Images to Listing",
              "fullFile": "C:\\Users\\PC\\Documents\\BLOW_JOB\\csi400\\c2c_project\\ver12\\backend\\test\\api\\02-listing.test.js",
              "file": "\\test\\api\\02-listing.test.js",
              "beforeHooks": [],
              "afterHooks": [],
              "tests": [
                {
                  "title": "should add images to listing",
                  "fullTitle": "Listing Endpoints 16. POST /listings/:id/images - Add Images to Listing should add images to listing",
                  "timedOut": false,
                  "duration": 2,
                  "state": "failed",
                  "speed": null,
                  "pass": false,
                  "fail": true,
                  "pending": false,
                  "context": null,
                  "code": "const imageData = {\n  images: [\n    'https://utfs.io/f/test-image-1.jpg',\n    'https://utfs.io/f/test-image-2.jpg'\n  ]\n};\nconst res = await chai\n  .request(baseURL)\n  .post(`${apiPrefix}/listings/${testListingId}/images`)\n  .set('Authorization', `Bearer ${tokens.seller1}`)\n  .send(imageData);\nvalidateSuccessResponse(res, 201);\nexpect(res.body).to.have.property('images');\nexpect(res.body.images).to.be.an('array');\nif (res.body.images && res.body.images.length > 0) {\n  testImageId = res.body.images[0].image_id;\n}",
                  "err": {
[...]
                  "isHook": false,
                  "skipped": false
                },
                {
                  "title": "should reject category deletion without authentication",
                  "fullTitle": "Admin Endpoints 57. DELETE /admin/categories/:id - Delete Category should reject category deletion without authentication",
                  "timedOut": false,
                  "duration": 2,
                  "state": "passed",
                  "speed": "fast",
                  "pass": true,
                  "fail": false,
                  "pending": false,
                  "context": null,
                  "code": "const res = await chai\n  .request(baseURL)\n  .delete(`${apiPrefix}/admin/categories/999`);\nvalidateErrorResponse(res, 401);",
                  "err": {},
                  "uuid": "d8d251fb-fbaa-4d7f-9da7-0b6d69591b84",
                  "parentUUID": "ae262903-fa8e-4220-a102-5582819b109f",
                  "isHook": false,
                  "skipped": false
                },
                {
                  "title": "should reject category deletion by non-admin",
                  "fullTitle": "Admin Endpoints 57. DELETE /admin/categories/:id - Delete Category should reject category deletion by non-admin",
                  "timedOut": false,
                  "duration": 2,
                  "state": "failed",
                  "speed": null,
                  "pass": false,
                  "fail": true,
                  "pending": false,
                  "context": null,
                  "code": "const res = await chai\n  .request(baseURL)\n  .delete(`${apiPrefix}/admin/categories/999`)\n  .set('Authorization', `Bearer ${tokens.seller1}`);\nvalidateErrorResponse(res, 403);",
                  "err": {
                    "message": "AssertionError: expected Response{ _events: {}, …(35), …(2) } to have status code 403 but got 401",
                    "estack": "AssertionError: expected Response{ _events: {}, …(35), …(2) } to have status code 403 but got 401\n    at validateErrorResponse (file:///C:/Users/PC/Documents/BLOW_JOB/csi400/c2c_project/ver12/backend/test/helpers.js:95:23)\n    at Context.<anonymous> (file:///C:/Users/PC/Documents/BLOW_JOB/csi400/c2c_project/ver12/backend/test/api/10-admin.test.js:319:7)\n    at process.processTicksAndRejections (node:internal/process/task_queues:105:5)",
                    "diff": "- 401\n+ 403\n"
                  },
                  "uuid": "410b5c78-ed3e-4e41-a2ea-779fc42d5df2",
                  "parentUUID": "ae262903-fa8e-4220-a102-5582819b109f",
                  "isHook": false,
                  "skipped": false
                }
              ],
              "suites": [],
              "passes": [
                "d8d251fb-fbaa-4d7f-9da7-0b6d69591b84"
              ],
              "failures": [
                "6467b141-e2a7-43f2-a607-2aa0ec20cf00",
                "410b5c78-ed3e-4e41-a2ea-779fc42d5df2"
              ],
              "pending": [],
              "skipped": [],
              "duration": 5,
              "root": false,
              "rootEmpty": false,
              "_timeout": 30000
            },
            {
              "uuid": "87cca9ae-95f6-4074-af24-f9e8e90eaa16",
              "title": "58. PUT /admin/users/:id - Edit User Profile",
              "fullFile": "C:\\Users\\PC\\Documents\\BLOW_JOB\\csi400\\c2c_project\\ver12\\backend\\test\\api\\10-admin.test.js",
              "file": "\\test\\api\\10-admin.test.js",
              "beforeHooks": [
                {
                  "title": "\"before all\" hook in \"58. PUT /admin/users/:id - Edit User Profile\"",
                  "fullTitle": "Admin Endpoints 58. PUT /admin/users/:id - Edit User Profile \"before all\" hook in \"58. PUT /admin/users/:id - Edit User Profile\"",
                  "timedOut": false,
                  "duration": 104,
                  "state": null,
                  "speed": null,
                  "pass": false,
                  "fail": false,
                  "pending": false,
                  "context": null,
                  "code": "// Create a user to edit\nconst userData = {\n  email: `toedit_${Date.now()}@example.com`,\n  password: 'password123',\n  username: `toedit_${Date.now()}`,\n  first_name: 'To',\n  last_name: 'Edit',\n  role: 'buyer'\n};\nconst res = await chai\n  .request(baseURL)\n  .post(`${apiPrefix}/users/signup`)\n  .send(userData);\nif (res.body.success) {\n  userToEdit = res.body.id;\n}",
                  "err": {},
                  "uuid": "115c7923-bb7e-433e-9522-fc1030eaebf0",
                  "parentUUID": "87cca9ae-95f6-4074-af24-f9e8e90eaa16",
                  "isHook": true,
                  "skipped": false
                }
              ],
              "afterHooks": [],
              "tests": [
                {
                  "title": "should edit user profile as admin",
                  "fullTitle": "Admin Endpoints 58. PUT /admin/users/:id - Edit User Profile should edit user profile as admin",
                  "timedOut": false,
                  "duration": 3,
                  "state": "failed",
                  "speed": null,
                  "pass": false,
                  "fail": true,
                  "pending": false,
                  "context": null,
                  "code": "if (!userToEdit) {\n  this.skip();\n  return;\n}\nconst updateData = {\n  first_name: 'Edited',\n  last_name: 'ByAdmin',\n  status: 'active'\n};\nconst res = await chai\n  .request(baseURL)\n  .put(`${apiPrefix}/admin/users/${userToEdit}`)\n  .set('Authorization', `Bearer ${tokens.admin}`)\n  .send(updateData);\nvalidateSuccessResponse(res, 200);\nexpect(res.body).to.have.property('user');",
                  "err": {
                    "message": "AssertionError: expected Response{ _events: {}, …(35), …(2) } to have status code 200 but got 401",
                    "estack": "AssertionError: expected Response{ _events: {}, …(35), …(2) } to have status code 200 but got 401\n    at validateSuccessResponse (file:///C:/Users/PC/Documents/BLOW_JOB/csi400/c2c_project/ver12/backend/test/helpers.js:85:23)\n    at Context.<anonymous> (file:///C:/Users/PC/Documents/BLOW_JOB/csi400/c2c_project/ver12/backend/test/api/10-admin.test.js:365:7)\n    at process.processTicksAndRejections (node:internal/process/task_queues:105:5)",
                    "diff": "- 401\n+ 200\n"
                  },
                  "uuid": "bd67d3b3-dd13-4f2b-9e09-47202429c3db",
                  "parentUUID": "87cca9ae-95f6-4074-af24-f9e8e90eaa16",
                  "isHook": false,
                  "skipped": false
                },
                {
                  "title": "should reject user edit without authentication",
                  "fullTitle": "Admin Endpoints 58. PUT /admin/users/:id - Edit User Profile should reject user edit without authentication",
                  "timedOut": false,
                  "duration": 3,
                  "state": "passed",
                  "speed": "fast",
                  "pass": true,
                  "fail": false,
                  "pending": false,
                  "context": null,
                  "code": "if (!userToEdit) {\n  this.skip();\n  return;\n}\nconst updateData = {\n  first_name: 'Unauthorized'\n};\nconst res = await chai\n  .request(baseURL)\n  .put(`${apiPrefix}/admin/users/${userToEdit}`)\n  .send(updateData);\nvalidateErrorResponse(res, 401);",
                  "err": {},
                  "uuid": "db71270b-06c2-4c07-9956-5c107367c900",
                  "parentUUID": "87cca9ae-95f6-4074-af24-f9e8e90eaa16",
                  "isHook": false,
                  "skipped": false
                },
                {
                  "title": "should reject user edit by non-admin",
                  "fullTitle": "Admin Endpoints 58. PUT /admin/users/:id - Edit User Profile should reject user edit by non-admin",
                  "timedOut": false,
                  "duration": 2,
                  "state": "failed",
                  "speed": null,
                  "pass": false,
                  "fail": true,
                  "pending": false,
                  "context": null,
                  "code": "if (!userToEdit) {\n  this.skip();\n  return;\n}\nconst updateData = {\n  first_name: 'Seller Edit'\n};\nconst res = await chai\n  .request(baseURL)\n  .put(`${apiPrefix}/admin/users/${userToEdit}`)\n  .set('Authorization', `Bearer ${tokens.seller1}`)\n  .send(updateData);\nvalidateErrorResponse(res, 403);",
                  "err": {
                    "message": "AssertionError: expected Response{ _events: {}, …(35), …(2) } to have status code 403 but got 401",
                    "estack": "AssertionError: expected Response{ _events: {}, …(35), …(2) } to have status code 403 but got 401\n    at validateErrorResponse (file:///C:/Users/PC/Documents/BLOW_JOB/csi400/c2c_project/ver12/backend/test/helpers.js:95:23)\n    at Context.<anonymous> (file:///C:/Users/PC/Documents/BLOW_JOB/csi400/c2c_project/ver12/backend/test/api/10-admin.test.js:403:7)\n    at process.processTicksAndRejections (node:internal/process/task_queues:105:5)",
                    "diff": "- 401\n+ 403\n"
                  },
                  "uuid": "cabb0a76-b088-49c2-902a-440f81d1a08b",
                  "parentUUID": "87cca9ae-95f6-4074-af24-f9e8e90eaa16",
                  "isHook": false,
                  "skipped": false
                },
                {
                  "title": "should return 404 for non-existent user",
                  "fullTitle": "Admin Endpoints 58. PUT /admin/users/:id - Edit User Profile should return 404 for non-existent user",
                  "timedOut": false,
                  "duration": 2,
                  "state": "failed",
                  "speed": null,
                  "pass": false,
                  "fail": true,
                  "pending": false,
                  "context": null,
                  "code": "const updateData = {\n  first_name: 'Not Found'\n};\nconst res = await chai\n  .request(baseURL)\n  .put(`${apiPrefix}/admin/users/999999`)\n  .set('Authorization', `Bearer ${tokens.admin}`)\n  .send(updateData);\nvalidateErrorResponse(res, 404);",
                  "err": {
                    "message": "AssertionError: expected Response{ _events: {}, …(35), …(2) } to have status code 404 but got 401",
                    "estack": "AssertionError: expected Response{ _events: {}, …(35), …(2) } to have status code 404 but got 401\n    at validateErrorResponse (file:///C:/Users/PC/Documents/BLOW_JOB/csi400/c2c_project/ver12/backend/test/helpers.js:95:23)\n    at Context.<anonymous> (file:///C:/Users/PC/Documents/BLOW_JOB/csi400/c2c_project/ver12/backend/test/api/10-admin.test.js:417:7)\n    at process.processTicksAndRejections (node:internal/process/task_queues:105:5)",
                    "diff": "- 401\n+ 404\n"
                  },
                  "uuid": "54a95608-6174-47cf-8a7b-bf10f456629c",
                  "parentUUID": "87cca9ae-95f6-4074-af24-f9e8e90eaa16",
                  "isHook": false,
                  "skipped": false
                }
              ],
              "suites": [],
              "passes": [
                "db71270b-06c2-4c07-9956-5c107367c900"
              ],
              "failures": [
                "bd67d3b3-dd13-4f2b-9e09-47202429c3db",
                "cabb0a76-b088-49c2-902a-440f81d1a08b",
                "54a95608-6174-47cf-8a7b-bf10f456629c"
              ],
              "pending": [],
              "skipped": [],
              "duration": 10,
              "root": false,
              "rootEmpty": false,
              "_timeout": 30000
            },
            {
              "uuid": "4993e96a-66c7-4605-b72f-53efb70cfe32",
              "title": "59. PUT /admin/listings/:id - Edit Listing",
              "fullFile": "C:\\Users\\PC\\Documents\\BLOW_JOB\\csi400\\c2c_project\\ver12\\backend\\test\\api\\10-admin.test.js",
              "file": "\\test\\api\\10-admin.test.js",
              "beforeHooks": [],
              "afterHooks": [],
              "tests": [
                {
                  "title": "should edit listing as admin",
                  "fullTitle": "Admin Endpoints 59. PUT /admin/listings/:id - Edit Listing should edit listing as admin",
                  "timedOut": false,
                  "duration": 2,
                  "state": "failed",
                  "speed": null,
                  "pass": false,
                  "fail": true,
                  "pending": false,
                  "context": null,
                  "code": "if (!testListingId) {\n  this.skip();\n  return;\n}\nconst updateData = {\n  title: `Admin Edited ${Date.now()}`,\n  description: 'Edited by admin for testing'\n};\nconst res = await chai\n  .request(baseURL)\n  .put(`${apiPrefix}/admin/listings/${testListingId}`)\n  .set('Authorization', `Bearer ${tokens.admin}`)\n  .send(updateData);\nvalidateSuccessResponse(res, 200);\nexpect(res.body).to.have.property('listing');",
                  "err": {
                    "message": "AssertionError: expected Response{ _events: {}, …(35), …(2) } to have status code 200 but got 401",
                    "estack": "AssertionError: expected Response{ _events: {}, …(35), …(2) } to have status code 200 but got 401\n    at validateSuccessResponse (file:///C:/Users/PC/Documents/BLOW_JOB/csi400/c2c_project/ver12/backend/test/helpers.js:85:23)\n    at Context.<anonymous> (file:///C:/Users/PC/Documents/BLOW_JOB/csi400/c2c_project/ver12/backend/test/api/10-admin.test.js:439:7)\n    at process.processTicksAndRejections (node:internal/process/task_queues:105:5)",
                    "diff": "- 401\n+ 200\n"
                  },
                  "uuid": "eae5faca-7fae-48a4-87eb-8dfba66ec44b",
                  "parentUUID": "4993e96a-66c7-4605-b72f-53efb70cfe32",
                  "isHook": false,
                  "skipped": false
                },
                {
                  "title": "should reject listing edit without authentication",
                  "fullTitle": "Admin Endpoints 59. PUT /admin/listings/:id - Edit Listing should reject listing edit without authentication",
                  "timedOut": false,
                  "duration": 2,
                  "state": "passed",
                  "speed": "fast",
                  "pass": true,
                  "fail": false,
                  "pending": false,
                  "context": null,
                  "code": "if (!testListingId) {\n  this.skip();\n  return;\n}\nconst updateData = {\n  title: 'No Auth Edit'\n};\nconst res = await chai\n  .request(baseURL)\n  .put(`${apiPrefix}/admin/listings/${testListingId}`)\n  .send(updateData);\nvalidateErrorResponse(res, 401);",
                  "err": {},
                  "uuid": "c84509f7-c9aa-4a10-9e31-ed92e25540a4",
                  "parentUUID": "4993e96a-66c7-4605-b72f-53efb70cfe32",
                  "isHook": false,
                  "skipped": false
                },
                {
                  "title": "should reject listing edit by non-admin",
                  "fullTitle": "Admin Endpoints 59. PUT /admin/listings/:id - Edit Listing should reject listing edit by non-admin",
                  "timedOut": false,
                  "duration": 2,
                  "state": "failed",
                  "speed": null,
                  "pass": false,
                  "fail": true,
                  "pending": false,
                  "context": null,
                  "code": "if (!testListingId) {\n  this.skip();\n  return;\n}\nconst updateData = {\n  title: 'Buyer Edit'\n};\nconst res = await chai\n  .request(baseURL)\n  .put(`${apiPrefix}/admin/listings/${testListingId}`)\n  .set('Authorization', `Bearer ${tokens.buyer1}`)\n  .send(updateData);\nvalidateErrorResponse(res, 403);",
                  "err": {
                    "message": "AssertionError: expected Response{ _events: {}, …(35), …(2) } to have status code 403 but got 401",
                    "estack": "AssertionError: expected Response{ _events: {}, …(35), …(2) } to have status code 403 but got 401\n    at validateErrorResponse (file:///C:/Users/PC/Documents/BLOW_JOB/csi400/c2c_project/ver12/backend/test/helpers.js:95:23)\n    at Context.<anonymous> (file:///C:/Users/PC/Documents/BLOW_JOB/csi400/c2c_project/ver12/backend/test/api/10-admin.test.js:477:7)\n    at process.processTicksAndRejections (node:internal/process/task_queues:105:5)",
                    "diff": "- 401\n+ 403\n"
                  },
                  "uuid": "10a07e3f-62fe-4bf7-9629-19edda79a486",
                  "parentUUID": "4993e96a-66c7-4605-b72f-53efb70cfe32",
                  "isHook": false,
                  "skipped": false
                },
                {
                  "title": "should return 404 for non-existent listing",
                  "fullTitle": "Admin Endpoints 59. PUT /admin/listings/:id - Edit Listing should return 404 for non-existent listing",
                  "timedOut": false,
                  "duration": 2,
                  "state": "failed",
                  "speed": null,
                  "pass": false,
                  "fail": true,
                  "pending": false,
                  "context": null,
                  "code": "const updateData = {\n  title: 'Not Found'\n};\nconst res = await chai\n  .request(baseURL)\n  .put(`${apiPrefix}/admin/listings/999999`)\n  .set('Authorization', `Bearer ${tokens.admin}`)\n  .send(updateData);\nvalidateErrorResponse(res, 404);",
                  "err": {
                    "message": "AssertionError: expected Response{ _events: {}, …(35), …(2) } to have status code 404 but got 401",
                    "estack": "AssertionError: expected Response{ _events: {}, …(35), …(2) } to have status code 404 but got 401\n    at validateErrorResponse (file:///C:/Users/PC/Documents/BLOW_JOB/csi400/c2c_project/ver12/backend/test/helpers.js:95:23)\n    at Context.<anonymous> (file:///C:/Users/PC/Documents/BLOW_JOB/csi400/c2c_project/ver12/backend/test/api/10-admin.test.js:491:7)\n    at process.processTicksAndRejections (node:internal/process/task_queues:105:5)",
                    "diff": "- 401\n+ 404\n"
                  },
                  "uuid": "be396ccb-3b22-44b1-9b2d-cdb0f8812a7c",
                  "parentUUID": "4993e96a-66c7-4605-b72f-53efb70cfe32",
                  "isHook": false,
                  "skipped": false
                }
              ],
              "suites": [],
              "passes": [
                "c84509f7-c9aa-4a10-9e31-ed92e25540a4"
              ],
              "failures": [
                "eae5faca-7fae-48a4-87eb-8dfba66ec44b",
                "10a07e3f-62fe-4bf7-9629-19edda79a486",
                "be396ccb-3b22-44b1-9b2d-cdb0f8812a7c"
              ],
              "pending": [],
              "skipped": [],
              "duration": 8,
              "root": false,
              "rootEmpty": false,
              "_timeout": 30000
            }
          ],
          "passes": [],
          "failures": [],
          "pending": [],
          "skipped": [],
          "duration": 0,
          "root": false,
          "rootEmpty": false,
          "_timeout": 30000
        }
      ],
      "passes": [],
      "failures": [],
      "pending": [],
      "skipped": [],
      "duration": 0,
      "root": true,
      "rootEmpty": true,
      "_timeout": 30000
    }
  ],
  "meta": {
    "mocha": {
      "version": "11.7.5"
    },
    "mochawesome": {
      "options": {
        "quiet": false,
        "reportFilename": "mochawesome",
        "saveHtml": true,
        "saveJson": true,
        "consoleReporter": "spec",
        "useInlineDiffs": false,
        "code": true
      },
      "version": "7.1.4"
    },
    "marge": {
      "options": {
        "[object Object]": true
      },
      "version": "6.3.2"
    }
  }
}